21.07.2003 14:23:00: PDFCreator Program Start
21.07.2003 09:56:49: PDFCreator Program Start
21.07.2003 09:55:41: PDFCreator Program Start
21.07.2003 09:47:02: PDFCreator Program End
21.07.2003 09:46:48: PDFCreator Program Start
21.07.2003 09:44:08: PDFCreator Program Start
21.07.2003 09:43:03: PDFCreator Program Start
21.07.2003 09:42:35: PDFCreator Program Start
21.07.2003 09:39:59: PDFCreator Program End
21.07.2003 09:37:40: PDFCreator Program Start
21.07.2003 09:37:28: PDFCreator Program Start
21.07.2003 09:36:53: PDFCreator Program Start
21.07.2003 09:35:00: PDFCreator Program Start
21.07.2003 09:34:53: PDFCreator Program Start
21.07.2003 09:34:37: PDFCreator Program Start
21.07.2003 09:34:13: PDFCreator Program Start
21.07.2003 09:32:59: PDFCreator Program Start
21.07.2003 09:32:28: PDFCreator Program Start
21.07.2003 09:22:40: PDFCreator Program Start
21.07.2003 09:21:42: PDFCreator Program Start
21.07.2003 09:21:15: PDFCreator Program Start
21.07.2003 09:21:04: PDFCreator Program Start
21.07.2003 09:20:29: PDFCreator Program Start
21.07.2003 09:18:17: PDFCreator Program Start
21.07.2003 09:17:53: PDFCreator Program Start
21.07.2003 09:17:39: PDFCreator Program Start
21.07.2003 09:16:54: PDFCreator Program Start
21.07.2003 09:16:48: PDFCreator Program End
21.07.2003 09:16:45: PDFCreator Program Start
21.07.2003 09:14:53: PDFCreator Program End
21.07.2003 09:14:49: PDFCreator Program Start
21.07.2003 09:07:37: PDFCreator Program End
21.07.2003 09:07:35: PDFCreator Program Start
21.07.2003 09:05:26: PDFCreator Program Start
21.07.2003 09:05:03: PDFCreator Program Start
21.07.2003 09:04:50: PDFCreator Program Start
21.07.2003 09:04:44: PDFCreator Program Start
21.07.2003 09:02:11: PDFCreator Program Start
21.07.2003 09:00:05: PDFCreator Program End
21.07.2003 08:58:37: PDFCreator Program Start
21.07.2003 08:57:10: PDFCreator Program Start
21.07.2003 08:56:48: PDFCreator Program End
21.07.2003 08:56:35: PDFCreator Program Start
18.07.2003 13:18:56: PDFCreator Program Start
18.07.2003 12:28:04: PDFCreator Program End
18.07.2003 12:07:23: PDFCreator Program Start
18.07.2003 12:02:59: PDFCreator Program Start
18.07.2003 12:02:16: Error: **** Unable to open the initial device, quitting.;
18.07.2003 12:02:04: PDFCreator Program Start
18.07.2003 11:56:49: PDFCreator Program Start
18.07.2003 08:26:58: Error: %%[Page: 1]%%; %%[LastPage]%%;
18.07.2003 08:26:58: Error: %%[ ProductName: AFPL Ghostscript ]%%;
18.07.2003 08:26:20: PDFCreator Program Start
12.07.2003 15:01:36: PDFCreator Program End
12.07.2003 15:01:17: PDFCreator Program Start
12.07.2003 10:04:06: PDFCreator Program Start
12.07.2003 10:00:07: PDFCreator Program Start
12.07.2003 09:59:44: PDFCreator Program Start
