16.05.2003 09:30:39: PDFCreator Program Start
16.05.2003 09:06:02: PDFCreator Program Start
16.05.2003 09:02:29: PDFCreator Program Start
16.05.2003 09:01:31: PDFCreator Program Start
16.05.2003 08:58:58: PDFCreator Program Start
16.05.2003 08:58:17: PDFCreator Program Start
16.05.2003 08:55:43: PDFCreator Program Start
16.05.2003 08:55:04: PDFCreator Program Start
15.05.2003 22:16:00: PDFCreator Program Start
15.05.2003 22:15:17: PDFCreator Program Start
15.05.2003 22:08:04: PDFCreator Program End
15.05.2003 22:02:28: PDFCreator Program Start
15.05.2003 21:57:59: PDFCreator Program Start
15.05.2003 21:57:13: PDFCreator Program Start
15.05.2003 21:56:43: PDFCreator Program Start
15.05.2003 21:55:53: PDFCreator Program Start
15.05.2003 21:54:55: PDFCreator Program Start
15.05.2003 21:54:01: PDFCreator Program Start
15.05.2003 21:46:15: PDFCreator Program Start
15.05.2003 20:32:57: PDFCreator Program Start
15.05.2003 20:30:42: PDFCreator Program Start
15.05.2003 20:29:51: PDFCreator Program Start
15.05.2003 20:29:09: PDFCreator Program Start
15.05.2003 20:28:13: PDFCreator Program Start
15.05.2003 14:41:17: PDFCreator Program End
15.05.2003 14:40:55: PDFCreator Program Start
15.05.2003 14:40:37: PDFCreator Program End
15.05.2003 14:40:18: PDFCreator Program Start
15.05.2003 14:39:23: PDFCreator Program End
15.05.2003 14:39:04: PDFCreator Program Start
15.05.2003 14:38:10: PDFCreator Program End
15.05.2003 14:37:56: PDFCreator Program Start
15.05.2003 14:30:54: PDFCreator Program End
15.05.2003 14:30:16: PDFCreator Program Start
14.05.2003 22:36:17: Error: age ]%%; %%[ Page: 1 ]%%; %%[ LastPage ]%%; %%[ Page: 1 ]%%; %%[ LastPage ]%%; %%[ Page: 1 ]%%; %%[ Page: 2 ]%%; %%[ Page: 3 ]%%; %%[ Pa
14.05.2003 22:36:15: Error:  2 ]%%; %%[ Page: 3 ]%%; %%[ Page: 4 ]%%; %%[ Page: 5 ]%%; %%[ Page: 6 ]%%; %%[ Page: 7 ]%%; %%[ Page: 8 ]%%; %%[ Page: 9 ]%%; %%[ LastP
14.05.2003 22:36:13: Error: ]%%; %%[ Page: 9 ]%%; %%[ LastPage ]%%; %%[ Page: 1 ]%%; %%[ LastPage ]%%; %%[ Page: 1 ]%%; %%[ LastPage ]%%; %%[ Page: 1 ]%%; %%[ Page:
14.05.2003 22:36:11: Error: ]%%; %%[ Page: 1 ]%%; %%[ Page: 2 ]%%; %%[ Page: 3 ]%%; %%[ Page: 4 ]%%; %%[ Page: 5 ]%%; %%[ Page: 6 ]%%; %%[ Page: 7 ]%%; %%[ Page: 8
14.05.2003 22:35:11: Error: ; %%[ Page: 7 ]%%; %%[ Page: 8 ]%%; %%[ Page: 9 ]%%; %%[ LastPage ]%%; %%[ Page: 1 ]%%; %%[ LastPage ]%%; %%[ Page: 1 ]%%; %%[ LastPage
14.05.2003 22:35:09: Error: %%[ Page: 1 ]%%; %%[ LastPage ]%%; %%[ Page: 1 ]%%; %%[ Page: 2 ]%%; %%[ Page: 3 ]%%; %%[ Page: 4 ]%%; %%[ Page: 5 ]%%; %%[ Page: 6 ]%%
14.05.2003 22:31:45: PDFCreator Program Start
14.05.2003 22:29:51: PDFCreator Program Start
14.05.2003 22:29:29: PDFCreator Program Start
14.05.2003 22:28:52: PDFCreator Program Start
14.05.2003 22:28:18: PDFCreator Program Start
14.05.2003 22:27:21: PDFCreator Program Start
14.05.2003 22:26:50: PDFCreator Program Start
14.05.2003 22:25:13: PDFCreator Program Start
14.05.2003 22:24:17: PDFCreator Program Start
14.05.2003 22:20:37: PDFCreator Program End
14.05.2003 22:20:10: PDFCreator Program Start
11.05.2003 16:00:28: PDFCreator Program End
11.05.2003 15:55:36: PDFCreator Program Start
11.05.2003 15:37:40: PDFCreator Program Start
11.05.2003 10:40:56: PDFCreator Program Start
